2016-06-07 17:18:40,223 INFO main org.quartz.impl.StdSchedulerFactory - Using default implementation for ThreadExecutor
2016-06-07 17:18:40,254 INFO main org.quartz.simpl.SimpleThreadPool - Job execution threads will use class loader of thread: main
2016-06-07 17:18:40,269 INFO main org.quartz.core.SchedulerSignalerImpl - Initialized Scheduler Signaller of type: class org.quartz.core.SchedulerSignalerImpl
2016-06-07 17:18:40,269 INFO main org.quartz.core.QuartzScheduler - Quartz Scheduler v.2.2.1 created.
2016-06-07 17:18:40,270 INFO main org.quartz.simpl.RAMJobStore - RAMJobStore initialized.
2016-06-07 17:18:40,271 INFO main org.quartz.core.QuartzScheduler - Scheduler meta-data: Quartz Scheduler (v2.2.1) 'DefaultQuartzScheduler' with instanceId 'NON_CLUSTERED'
  Scheduler class: 'org.quartz.core.QuartzScheduler' - running locally.
  NOT STARTED.
  Currently in standby mode.
  Number of jobs executed: 0
  Using thread pool 'org.quartz.simpl.SimpleThreadPool' - with 10 threads.
  Using job-store 'org.quartz.simpl.RAMJobStore' - which does not support persistence. and is not clustered.

2016-06-07 17:18:40,271 INFO main org.quartz.impl.StdSchedulerFactory - Quartz scheduler 'DefaultQuartzScheduler' initialized from default resource file in Quartz package: 'quartz.properties'
2016-06-07 17:18:40,271 INFO main org.quartz.impl.StdSchedulerFactory - Quartz scheduler version: 2.2.1
2016-06-07 17:18:40,271 INFO main org.quartz.core.QuartzScheduler - Scheduler DefaultQuartzScheduler_$_NON_CLUSTERED started.
2016-06-07 17:30:10,656 ERROR DefaultQuartzScheduler_QuartzSchedulerThread org.quartz.core.ErrorLogger - An error occured instantiating job to be executed. job= 'group1.job1'
org.quartz.SchedulerException: Problem instantiating class 'com.dangdang.logtest.MyJob' [See nested exception: java.lang.IllegalAccessException: Class org.quartz.simpl.SimpleJobFactory can not access a member of class com.dangdang.logtest.MyJob with modifiers "public"]
	at org.quartz.simpl.SimpleJobFactory.newJob(SimpleJobFactory.java:58)
	at org.quartz.simpl.PropertySettingJobFactory.newJob(PropertySettingJobFactory.java:69)
	at org.quartz.core.JobRunShell.initialize(JobRunShell.java:127)
	at org.quartz.core.QuartzSchedulerThread.run(QuartzSchedulerThread.java:375)
Caused by: java.lang.IllegalAccessException: Class org.quartz.simpl.SimpleJobFactory can not access a member of class com.dangdang.logtest.MyJob with modifiers "public"
	at sun.reflect.Reflection.ensureMemberAccess(Reflection.java:109)
	at java.lang.Class.newInstance(Class.java:373)
	at org.quartz.simpl.SimpleJobFactory.newJob(SimpleJobFactory.java:56)
	... 3 more
